2020-10-21 19:02:45.8670|INFO|Microsoft.Hosting.Lifetime|Now listening on: http://localhost:5000
2020-10-21 19:02:45.9605|INFO|Microsoft.Hosting.Lifetime|Application started. Press Ctrl+C to shut down.
2020-10-21 19:02:45.9605|INFO|Microsoft.Hosting.Lifetime|Hosting environment: Staging
2020-10-21 19:02:45.9605|INFO|Microsoft.Hosting.Lifetime|Content root path: E:\doucments\MyProject\MyWeb\WebProject\Unit1\StudentManagement\StudentManagement
2020-10-21 19:02:48.0390|INFO|StudentManagement.Models.SQLStudentRepository|学生信息 信息(Information)Log
2020-10-21 19:02:48.0580|WARN|StudentManagement.Models.SQLStudentRepository|学生信息 警告(Warning)Log
2020-10-21 19:02:48.0580|ERROR|StudentManagement.Models.SQLStudentRepository|学生信息 错误(Error)Log
2020-10-21 19:02:48.0742|FATAL|StudentManagement.Models.SQLStudentRepository|学生信息 严重(Critical)Log
2020-10-21 20:49:09.5966|INFO|Microsoft.Hosting.Lifetime|Now listening on: http://localhost:5000
2020-10-21 20:49:09.6935|INFO|Microsoft.Hosting.Lifetime|Application started. Press Ctrl+C to shut down.
2020-10-21 20:49:09.6935|INFO|Microsoft.Hosting.Lifetime|Hosting environment: Staging
2020-10-21 20:49:09.6935|INFO|Microsoft.Hosting.Lifetime|Content root path: E:\doucments\MyProject\MyWeb\WebProject\Unit1\StudentManagement\StudentManagement
2020-10-21 20:49:11.8132|INFO|StudentManagement.Models.SQLStudentRepository|学生信息 信息(Information)Log
2020-10-21 20:49:11.8300|WARN|StudentManagement.Models.SQLStudentRepository|学生信息 警告(Warning)Log
2020-10-21 20:49:11.8356|ERROR|StudentManagement.Models.SQLStudentRepository|学生信息 错误(Error)Log
2020-10-21 20:49:11.8356|FATAL|StudentManagement.Models.SQLStudentRepository|学生信息 严重(Critical)Log
2020-10-21 20:49:27.3497|INFO|StudentManagement.Models.SQLStudentRepository|学生信息 信息(Information)Log
2020-10-21 20:49:27.3651|WARN|StudentManagement.Models.SQLStudentRepository|学生信息 警告(Warning)Log
2020-10-21 20:49:27.3651|ERROR|StudentManagement.Models.SQLStudentRepository|学生信息 错误(Error)Log
2020-10-21 20:49:27.3651|FATAL|StudentManagement.Models.SQLStudentRepository|学生信息 严重(Critical)Log
2020-10-21 21:52:26.7139|INFO|Microsoft.Hosting.Lifetime|Now listening on: http://localhost:5000
2020-10-21 21:52:26.7989|INFO|Microsoft.Hosting.Lifetime|Application started. Press Ctrl+C to shut down.
2020-10-21 21:52:26.8036|INFO|Microsoft.Hosting.Lifetime|Hosting environment: Staging
2020-10-21 21:52:26.8036|INFO|Microsoft.Hosting.Lifetime|Content root path: E:\doucments\MyProject\MyWeb\WebProject\Unit1\StudentManagement\StudentManagement
2020-10-21 21:52:29.2428|INFO|StudentManagement.Models.SQLStudentRepository|学生信息 信息(Information)Log
2020-10-21 21:52:29.2637|WARN|StudentManagement.Models.SQLStudentRepository|学生信息 警告(Warning)Log
2020-10-21 21:52:29.2694|ERROR|StudentManagement.Models.SQLStudentRepository|学生信息 错误(Error)Log
2020-10-21 21:52:29.2694|FATAL|StudentManagement.Models.SQLStudentRepository|学生信息 严重(Critical)Log
