2020-10-25 11:05:19.4983|INFO|Microsoft.Hosting.Lifetime|Now listening on: http://127.0.0.1:29143
2020-10-25 11:05:19.5873|INFO|Microsoft.Hosting.Lifetime|Application started. Press Ctrl+C to shut down.
2020-10-25 11:05:19.5873|INFO|Microsoft.Hosting.Lifetime|Hosting environment: Development
2020-10-25 11:05:19.5873|INFO|Microsoft.Hosting.Lifetime|Content root path: E:\doucments\MyProject\MyWeb\WebProject\Unit1\StudentManagement\StudentManagement
2020-10-25 11:05:24.8677|INFO|StudentManagement.Models.SQLStudentRepository|学生信息 信息(Information)Log
2020-10-25 11:05:24.8851|WARN|StudentManagement.Models.SQLStudentRepository|学生信息 警告(Warning)Log
2020-10-25 11:05:24.8851|ERROR|StudentManagement.Models.SQLStudentRepository|学生信息 错误(Error)Log
2020-10-25 11:05:24.9011|FATAL|StudentManagement.Models.SQLStudentRepository|学生信息 严重(Critical)Log
2020-10-25 11:11:13.9815|INFO|Microsoft.Hosting.Lifetime|Now listening on: http://127.0.0.1:41061
2020-10-25 11:11:14.0797|INFO|Microsoft.Hosting.Lifetime|Application started. Press Ctrl+C to shut down.
2020-10-25 11:11:14.0846|INFO|Microsoft.Hosting.Lifetime|Hosting environment: Development
2020-10-25 11:11:14.0846|INFO|Microsoft.Hosting.Lifetime|Content root path: E:\doucments\MyProject\MyWeb\WebProject\Unit1\StudentManagement\StudentManagement
2020-10-25 11:11:14.8251|INFO|StudentManagement.Models.SQLStudentRepository|学生信息 信息(Information)Log
2020-10-25 11:11:14.8412|WARN|StudentManagement.Models.SQLStudentRepository|学生信息 警告(Warning)Log
2020-10-25 11:11:14.8412|ERROR|StudentManagement.Models.SQLStudentRepository|学生信息 错误(Error)Log
2020-10-25 11:11:14.8509|FATAL|StudentManagement.Models.SQLStudentRepository|学生信息 严重(Critical)Log
2020-10-25 11:11:23.8543|INFO|StudentManagement.Models.SQLStudentRepository|学生信息 信息(Information)Log
2020-10-25 11:11:23.8543|WARN|StudentManagement.Models.SQLStudentRepository|学生信息 警告(Warning)Log
2020-10-25 11:11:23.8665|ERROR|StudentManagement.Models.SQLStudentRepository|学生信息 错误(Error)Log
2020-10-25 11:11:23.8665|FATAL|StudentManagement.Models.SQLStudentRepository|学生信息 严重(Critical)Log
2020-10-25 11:11:29.9573|INFO|StudentManagement.Models.SQLStudentRepository|学生信息 信息(Information)Log
2020-10-25 11:11:29.9629|WARN|StudentManagement.Models.SQLStudentRepository|学生信息 警告(Warning)Log
2020-10-25 11:11:29.9629|ERROR|StudentManagement.Models.SQLStudentRepository|学生信息 错误(Error)Log
2020-10-25 11:11:29.9629|FATAL|StudentManagement.Models.SQLStudentRepository|学生信息 严重(Critical)Log
2020-10-25 11:32:01.7797|INFO|Microsoft.Hosting.Lifetime|Now listening on: http://127.0.0.1:27431
2020-10-25 11:32:01.8891|INFO|Microsoft.Hosting.Lifetime|Application started. Press Ctrl+C to shut down.
2020-10-25 11:32:01.8891|INFO|Microsoft.Hosting.Lifetime|Hosting environment: Development
2020-10-25 11:32:01.8982|INFO|Microsoft.Hosting.Lifetime|Content root path: E:\doucments\MyProject\MyWeb\WebProject\Unit1\StudentManagement\StudentManagement
2020-10-25 11:32:02.8521|INFO|StudentManagement.Models.SQLStudentRepository|学生信息 信息(Information)Log
2020-10-25 11:32:02.8735|WARN|StudentManagement.Models.SQLStudentRepository|学生信息 警告(Warning)Log
2020-10-25 11:32:02.8841|ERROR|StudentManagement.Models.SQLStudentRepository|学生信息 错误(Error)Log
2020-10-25 11:32:02.8841|FATAL|StudentManagement.Models.SQLStudentRepository|学生信息 严重(Critical)Log
2020-10-25 11:32:13.5704|INFO|StudentManagement.Models.SQLStudentRepository|学生信息 信息(Information)Log
2020-10-25 11:32:13.5704|WARN|StudentManagement.Models.SQLStudentRepository|学生信息 警告(Warning)Log
2020-10-25 11:32:13.5704|ERROR|StudentManagement.Models.SQLStudentRepository|学生信息 错误(Error)Log
2020-10-25 11:32:13.5870|FATAL|StudentManagement.Models.SQLStudentRepository|学生信息 严重(Critical)Log
2020-10-25 11:32:30.0682|ERROR|Microsoft.AspNetCore.Mvc.ViewFeatures.ViewResultExecutor|The view 'NotFound' was not found. Searched locations: /Views/Admin/NotFound.cshtml, /Views/Shared/NotFound.cshtml
2020-10-25 11:32:30.2102|ERROR|Microsoft.AspNetCore.Diagnostics.DeveloperExceptionPageMiddleware|An unhandled exception has occurred while executing the request.
2020-10-25 11:33:24.3573|ERROR|Microsoft.AspNetCore.Mvc.ViewFeatures.ViewResultExecutor|The view 'NotFound' was not found. Searched locations: /Views/Admin/NotFound.cshtml, /Views/Shared/NotFound.cshtml
2020-10-25 11:33:24.3767|ERROR|Microsoft.AspNetCore.Diagnostics.DeveloperExceptionPageMiddleware|An unhandled exception has occurred while executing the request.
2020-10-25 11:35:42.3001|INFO|Microsoft.Hosting.Lifetime|Now listening on: http://127.0.0.1:31835
2020-10-25 11:35:42.3874|INFO|Microsoft.Hosting.Lifetime|Application started. Press Ctrl+C to shut down.
2020-10-25 11:35:42.3874|INFO|Microsoft.Hosting.Lifetime|Hosting environment: Development
2020-10-25 11:35:42.3874|INFO|Microsoft.Hosting.Lifetime|Content root path: E:\doucments\MyProject\MyWeb\WebProject\Unit1\StudentManagement\StudentManagement
2020-10-25 11:35:43.1078|INFO|StudentManagement.Models.SQLStudentRepository|学生信息 信息(Information)Log
2020-10-25 11:35:43.1266|WARN|StudentManagement.Models.SQLStudentRepository|学生信息 警告(Warning)Log
2020-10-25 11:35:43.1329|ERROR|StudentManagement.Models.SQLStudentRepository|学生信息 错误(Error)Log
2020-10-25 11:35:43.1329|FATAL|StudentManagement.Models.SQLStudentRepository|学生信息 严重(Critical)Log
2020-10-25 11:36:02.5880|ERROR|Microsoft.AspNetCore.Mvc.ViewFeatures.ViewResultExecutor|The view 'NotFound' was not found. Searched locations: /Views/Admin/NotFound.cshtml, /Views/Shared/NotFound.cshtml
2020-10-25 11:36:02.6879|ERROR|Microsoft.AspNetCore.Diagnostics.DeveloperExceptionPageMiddleware|An unhandled exception has occurred while executing the request.
2020-10-25 11:36:07.8004|ERROR|Microsoft.AspNetCore.Mvc.ViewFeatures.ViewResultExecutor|The view 'NotFound' was not found. Searched locations: /Views/Admin/NotFound.cshtml, /Views/Shared/NotFound.cshtml
2020-10-25 11:36:07.8161|ERROR|Microsoft.AspNetCore.Diagnostics.DeveloperExceptionPageMiddleware|An unhandled exception has occurred while executing the request.
2020-10-25 11:38:58.5092|INFO|StudentManagement.Models.SQLStudentRepository|学生信息 信息(Information)Log
2020-10-25 11:38:58.5092|WARN|StudentManagement.Models.SQLStudentRepository|学生信息 警告(Warning)Log
2020-10-25 11:38:58.5256|ERROR|StudentManagement.Models.SQLStudentRepository|学生信息 错误(Error)Log
2020-10-25 11:38:58.5256|FATAL|StudentManagement.Models.SQLStudentRepository|学生信息 严重(Critical)Log
2020-10-25 19:24:19.2313|INFO|Microsoft.Hosting.Lifetime|Now listening on: http://127.0.0.1:38731
2020-10-25 19:24:19.3334|INFO|Microsoft.Hosting.Lifetime|Application started. Press Ctrl+C to shut down.
2020-10-25 19:24:19.3334|INFO|Microsoft.Hosting.Lifetime|Hosting environment: Development
2020-10-25 19:24:19.3334|INFO|Microsoft.Hosting.Lifetime|Content root path: E:\doucments\MyProject\MyWeb\WebProject\Unit1\StudentManagement\StudentManagement
2020-10-25 19:24:23.6708|INFO|StudentManagement.Models.SQLStudentRepository|学生信息 信息(Information)Log
2020-10-25 19:24:23.6894|WARN|StudentManagement.Models.SQLStudentRepository|学生信息 警告(Warning)Log
2020-10-25 19:24:23.6952|ERROR|StudentManagement.Models.SQLStudentRepository|学生信息 错误(Error)Log
2020-10-25 19:24:23.6952|FATAL|StudentManagement.Models.SQLStudentRepository|学生信息 严重(Critical)Log
2020-10-25 19:24:52.2344|ERROR|Microsoft.AspNetCore.Mvc.ViewFeatures.ViewResultExecutor|The view 'StudentNotFound' was not found. Searched locations: /Views/Home/StudentNotFound.cshtml, /Views/Shared/StudentNotFound.cshtml
2020-10-25 19:24:52.4193|ERROR|Microsoft.AspNetCore.Diagnostics.DeveloperExceptionPageMiddleware|An unhandled exception has occurred while executing the request.
2020-10-25 19:26:23.0382|INFO|Microsoft.Hosting.Lifetime|Now listening on: http://127.0.0.1:7356
2020-10-25 19:26:23.1296|INFO|Microsoft.Hosting.Lifetime|Application started. Press Ctrl+C to shut down.
2020-10-25 19:26:23.1296|INFO|Microsoft.Hosting.Lifetime|Hosting environment: Development
2020-10-25 19:26:23.1296|INFO|Microsoft.Hosting.Lifetime|Content root path: E:\doucments\MyProject\MyWeb\WebProject\Unit1\StudentManagement\StudentManagement
2020-10-25 19:26:23.9777|INFO|StudentManagement.Models.SQLStudentRepository|学生信息 信息(Information)Log
2020-10-25 19:26:23.9948|WARN|StudentManagement.Models.SQLStudentRepository|学生信息 警告(Warning)Log
2020-10-25 19:26:23.9948|ERROR|StudentManagement.Models.SQLStudentRepository|学生信息 错误(Error)Log
2020-10-25 19:26:24.0061|FATAL|StudentManagement.Models.SQLStudentRepository|学生信息 严重(Critical)Log
2020-10-25 19:26:42.3537|ERROR|Microsoft.AspNetCore.Mvc.ViewFeatures.ViewResultExecutor|The view 'NotFound' was not found. Searched locations: /Views/Home/NotFound.cshtml, /Views/Shared/NotFound.cshtml
2020-10-25 19:26:42.4565|ERROR|Microsoft.AspNetCore.Diagnostics.DeveloperExceptionPageMiddleware|An unhandled exception has occurred while executing the request.
2020-10-25 19:26:56.0129|ERROR|Microsoft.AspNetCore.Mvc.ViewFeatures.ViewResultExecutor|The view 'NotFound' was not found. Searched locations: /Views/Home/NotFound.cshtml, /Views/Shared/NotFound.cshtml
2020-10-25 19:26:56.0297|ERROR|Microsoft.AspNetCore.Diagnostics.DeveloperExceptionPageMiddleware|An unhandled exception has occurred while executing the request.
2020-10-25 19:28:37.9984|INFO|Microsoft.Hosting.Lifetime|Now listening on: http://localhost:5000
2020-10-25 19:28:38.1040|INFO|Microsoft.Hosting.Lifetime|Application started. Press Ctrl+C to shut down.
2020-10-25 19:28:38.1040|INFO|Microsoft.Hosting.Lifetime|Hosting environment: Staging
2020-10-25 19:28:38.1132|INFO|Microsoft.Hosting.Lifetime|Content root path: E:\doucments\MyProject\MyWeb\WebProject\Unit1\StudentManagement\StudentManagement
2020-10-25 19:28:40.8971|INFO|StudentManagement.Models.SQLStudentRepository|学生信息 信息(Information)Log
2020-10-25 19:28:40.9159|WARN|StudentManagement.Models.SQLStudentRepository|学生信息 警告(Warning)Log
2020-10-25 19:28:40.9159|ERROR|StudentManagement.Models.SQLStudentRepository|学生信息 错误(Error)Log
2020-10-25 19:28:40.9263|FATAL|StudentManagement.Models.SQLStudentRepository|学生信息 严重(Critical)Log
2020-10-25 19:28:45.2783|WARN|StudentManagement.Controllers.ErrorController|发生了一个404错误. 路径 = /favicon.ico 以及查询字符串 = 
2020-10-25 19:29:04.2758|ERROR|Microsoft.AspNetCore.Mvc.ViewFeatures.ViewResultExecutor|The view 'NotFound' was not found. Searched locations: /Views/Home/NotFound.cshtml, /Views/Shared/NotFound.cshtml
2020-10-25 19:29:04.3866|ERROR|Microsoft.AspNetCore.Diagnostics.ExceptionHandlerMiddleware|An unhandled exception has occurred while executing the request.
2020-10-25 19:29:04.3991|ERROR|StudentManagement.Controllers.ErrorController|路径 /home/edit/6 产生了一个错误System.InvalidOperationException: The view 'NotFound' was not found. The following locations were searched:
/Views/Home/NotFound.cshtml
/Views/Shared/NotFound.cshtml
   at Microsoft.AspNetCore.Mvc.ViewEngines.ViewEngineResult.EnsureSuccessful(IEnumerable`1 originalLocations)
   at Microsoft.AspNetCore.Mvc.ViewFeatures.ViewResultExecutor.ExecuteAsync(ActionContext context, ViewResult result)
   at Microsoft.AspNetCore.Mvc.ViewResult.ExecuteResultAsync(ActionContext context)
   at Microsoft.AspNetCore.Mvc.Infrastructure.ResourceInvoker.<InvokeNextResultFilterAsync>g__Awaited|29_0[TFilter,TFilterAsync](ResourceInvoker invoker, Task lastTask, State next, Scope scope, Object state, Boolean isCompleted)
   at Microsoft.AspNetCore.Mvc.Infrastructure.ResourceInvoker.Rethrow(ResultExecutedContextSealed context)
   at Microsoft.AspNetCore.Mvc.Infrastructure.ResourceInvoker.ResultNext[TFilter,TFilterAsync](State& next, Scope& scope, Object& state, Boolean& isCompleted)
   at Microsoft.AspNetCore.Mvc.Infrastructure.ResourceInvoker.InvokeResultFilters()
--- End of stack trace from previous location where exception was thrown ---
   at Microsoft.AspNetCore.Mvc.Infrastructure.ResourceInvoker.<InvokeNextResourceFilter>g__Awaited|24_0(ResourceInvoker invoker, Task lastTask, State next, Scope scope, Object state, Boolean isCompleted)
   at Microsoft.AspNetCore.Mvc.Infrastructure.ResourceInvoker.Rethrow(ResourceExecutedContextSealed context)
   at Microsoft.AspNetCore.Mvc.Infrastructure.ResourceInvoker.Next(State& next, Scope& scope, Object& state, Boolean& isCompleted)
   at Microsoft.AspNetCore.Mvc.Infrastructure.ResourceInvoker.InvokeFilterPipelineAsync()
--- End of stack trace from previous location where exception was thrown ---
   at Microsoft.AspNetCore.Mvc.Infrastructure.ResourceInvoker.<InvokeAsync>g__Awaited|17_0(ResourceInvoker invoker, Task task, IDisposable scope)
   at Microsoft.AspNetCore.Routing.EndpointMiddleware.<Invoke>g__AwaitRequestTask|6_0(Endpoint endpoint, Task requestTask, ILogger logger)
   at Microsoft.AspNetCore.Authorization.AuthorizationMiddleware.Invoke(HttpContext context)
   at Microsoft.AspNetCore.Authentication.AuthenticationMiddleware.Invoke(HttpContext context)
   at Microsoft.AspNetCore.Diagnostics.StatusCodePagesMiddleware.Invoke(HttpContext context)
   at Microsoft.AspNetCore.Diagnostics.ExceptionHandlerMiddleware.<Invoke>g__Awaited|6_0(ExceptionHandlerMiddleware middleware, HttpContext context, Task task)
2020-10-25 19:31:23.2769|INFO|Microsoft.Hosting.Lifetime|Now listening on: http://localhost:5000
2020-10-25 19:31:23.3759|INFO|Microsoft.Hosting.Lifetime|Application started. Press Ctrl+C to shut down.
2020-10-25 19:31:23.3803|INFO|Microsoft.Hosting.Lifetime|Hosting environment: Staging
2020-10-25 19:31:23.3803|INFO|Microsoft.Hosting.Lifetime|Content root path: E:\doucments\MyProject\MyWeb\WebProject\Unit1\StudentManagement\StudentManagement
2020-10-25 19:31:26.1665|INFO|StudentManagement.Models.SQLStudentRepository|学生信息 信息(Information)Log
2020-10-25 19:31:26.1915|WARN|StudentManagement.Models.SQLStudentRepository|学生信息 警告(Warning)Log
2020-10-25 19:31:26.1970|ERROR|StudentManagement.Models.SQLStudentRepository|学生信息 错误(Error)Log
2020-10-25 19:31:26.1970|FATAL|StudentManagement.Models.SQLStudentRepository|学生信息 严重(Critical)Log
2020-10-25 19:50:51.3492|INFO|StudentManagement.Models.SQLStudentRepository|学生信息 信息(Information)Log
2020-10-25 19:50:51.3492|WARN|StudentManagement.Models.SQLStudentRepository|学生信息 警告(Warning)Log
2020-10-25 19:50:51.3492|ERROR|StudentManagement.Models.SQLStudentRepository|学生信息 错误(Error)Log
2020-10-25 19:50:51.3653|FATAL|StudentManagement.Models.SQLStudentRepository|学生信息 严重(Critical)Log
2020-10-25 20:27:20.9315|INFO|Microsoft.Hosting.Lifetime|Now listening on: http://127.0.0.1:10442
2020-10-25 20:27:21.0575|INFO|Microsoft.Hosting.Lifetime|Application started. Press Ctrl+C to shut down.
2020-10-25 20:27:21.0575|INFO|Microsoft.Hosting.Lifetime|Hosting environment: Development
2020-10-25 20:27:21.0575|INFO|Microsoft.Hosting.Lifetime|Content root path: E:\doucments\MyProject\MyWeb\WebProject\Unit1\StudentManagement\StudentManagement
2020-10-25 20:27:25.2971|INFO|StudentManagement.Models.SQLStudentRepository|学生信息 信息(Information)Log
2020-10-25 20:27:25.3173|WARN|StudentManagement.Models.SQLStudentRepository|学生信息 警告(Warning)Log
2020-10-25 20:27:25.3173|ERROR|StudentManagement.Models.SQLStudentRepository|学生信息 错误(Error)Log
2020-10-25 20:27:25.3173|FATAL|StudentManagement.Models.SQLStudentRepository|学生信息 严重(Critical)Log
2020-10-25 20:32:30.3529|INFO|Microsoft.Hosting.Lifetime|Now listening on: http://127.0.0.1:21111
2020-10-25 20:32:30.4492|INFO|Microsoft.Hosting.Lifetime|Application started. Press Ctrl+C to shut down.
2020-10-25 20:32:30.4492|INFO|Microsoft.Hosting.Lifetime|Hosting environment: Development
2020-10-25 20:32:30.4492|INFO|Microsoft.Hosting.Lifetime|Content root path: E:\doucments\MyProject\MyWeb\WebProject\Unit1\StudentManagement\StudentManagement
2020-10-25 20:32:31.1465|INFO|StudentManagement.Models.SQLStudentRepository|学生信息 信息(Information)Log
2020-10-25 20:32:31.1773|WARN|StudentManagement.Models.SQLStudentRepository|学生信息 警告(Warning)Log
2020-10-25 20:32:31.1773|ERROR|StudentManagement.Models.SQLStudentRepository|学生信息 错误(Error)Log
2020-10-25 20:32:31.1932|FATAL|StudentManagement.Models.SQLStudentRepository|学生信息 严重(Critical)Log
2020-10-25 20:35:00.6260|INFO|Microsoft.Hosting.Lifetime|Now listening on: http://127.0.0.1:27274
2020-10-25 20:35:00.7333|INFO|Microsoft.Hosting.Lifetime|Application started. Press Ctrl+C to shut down.
2020-10-25 20:35:00.7380|INFO|Microsoft.Hosting.Lifetime|Hosting environment: Development
2020-10-25 20:35:00.7380|INFO|Microsoft.Hosting.Lifetime|Content root path: E:\doucments\MyProject\MyWeb\WebProject\Unit1\StudentManagement\StudentManagement
2020-10-25 20:35:01.7289|INFO|StudentManagement.Models.SQLStudentRepository|学生信息 信息(Information)Log
2020-10-25 20:35:01.7482|WARN|StudentManagement.Models.SQLStudentRepository|学生信息 警告(Warning)Log
2020-10-25 20:35:01.7482|ERROR|StudentManagement.Models.SQLStudentRepository|学生信息 错误(Error)Log
2020-10-25 20:35:01.7594|FATAL|StudentManagement.Models.SQLStudentRepository|学生信息 严重(Critical)Log
2020-10-25 20:45:24.3296|INFO|Microsoft.Hosting.Lifetime|Now listening on: http://127.0.0.1:17439
2020-10-25 20:45:24.4524|INFO|Microsoft.Hosting.Lifetime|Application started. Press Ctrl+C to shut down.
2020-10-25 20:45:24.4524|INFO|Microsoft.Hosting.Lifetime|Hosting environment: Development
2020-10-25 20:45:24.4615|INFO|Microsoft.Hosting.Lifetime|Content root path: E:\doucments\MyProject\MyWeb\WebProject\Unit1\StudentManagement\StudentManagement
2020-10-25 20:45:25.2318|INFO|StudentManagement.Models.SQLStudentRepository|学生信息 信息(Information)Log
2020-10-25 20:45:25.2471|WARN|StudentManagement.Models.SQLStudentRepository|学生信息 警告(Warning)Log
2020-10-25 20:45:25.2471|ERROR|StudentManagement.Models.SQLStudentRepository|学生信息 错误(Error)Log
2020-10-25 20:45:25.2576|FATAL|StudentManagement.Models.SQLStudentRepository|学生信息 严重(Critical)Log
