2020-10-23 10:26:52.7502|INFO|Microsoft.Hosting.Lifetime|Now listening on: http://127.0.0.1:27968
2020-10-23 10:26:52.8635|INFO|Microsoft.Hosting.Lifetime|Application started. Press Ctrl+C to shut down.
2020-10-23 10:26:52.8789|INFO|Microsoft.Hosting.Lifetime|Hosting environment: Development
2020-10-23 10:26:52.8789|INFO|Microsoft.Hosting.Lifetime|Content root path: E:\doucments\MyProject\MyWeb\WebProject\Unit1\StudentManagement\StudentManagement
2020-10-23 10:26:57.8715|INFO|StudentManagement.Models.SQLStudentRepository|学生信息 信息(Information)Log
2020-10-23 10:26:57.8906|WARN|StudentManagement.Models.SQLStudentRepository|学生信息 警告(Warning)Log
2020-10-23 10:26:57.8975|ERROR|StudentManagement.Models.SQLStudentRepository|学生信息 错误(Error)Log
2020-10-23 10:26:57.9103|FATAL|StudentManagement.Models.SQLStudentRepository|学生信息 严重(Critical)Log
2020-10-23 10:29:17.5993|INFO|Microsoft.Hosting.Lifetime|Now listening on: http://127.0.0.1:30029
2020-10-23 10:29:17.7123|INFO|Microsoft.Hosting.Lifetime|Application started. Press Ctrl+C to shut down.
2020-10-23 10:29:17.7123|INFO|Microsoft.Hosting.Lifetime|Hosting environment: Development
2020-10-23 10:29:17.7123|INFO|Microsoft.Hosting.Lifetime|Content root path: E:\doucments\MyProject\MyWeb\WebProject\Unit1\StudentManagement\StudentManagement
2020-10-23 10:29:18.3562|INFO|StudentManagement.Models.SQLStudentRepository|学生信息 信息(Information)Log
2020-10-23 10:29:18.3758|WARN|StudentManagement.Models.SQLStudentRepository|学生信息 警告(Warning)Log
2020-10-23 10:29:18.3825|ERROR|StudentManagement.Models.SQLStudentRepository|学生信息 错误(Error)Log
2020-10-23 10:29:18.3825|FATAL|StudentManagement.Models.SQLStudentRepository|学生信息 严重(Critical)Log
2020-10-23 10:35:21.8543|INFO|Microsoft.Hosting.Lifetime|Now listening on: http://127.0.0.1:25701
2020-10-23 10:35:21.9775|INFO|Microsoft.Hosting.Lifetime|Application started. Press Ctrl+C to shut down.
2020-10-23 10:35:21.9775|INFO|Microsoft.Hosting.Lifetime|Hosting environment: Development
2020-10-23 10:35:21.9883|INFO|Microsoft.Hosting.Lifetime|Content root path: E:\doucments\MyProject\MyWeb\WebProject\Unit1\StudentManagement\StudentManagement
2020-10-23 10:35:22.7288|INFO|StudentManagement.Models.SQLStudentRepository|学生信息 信息(Information)Log
2020-10-23 10:35:22.7452|WARN|StudentManagement.Models.SQLStudentRepository|学生信息 警告(Warning)Log
2020-10-23 10:35:22.7538|ERROR|StudentManagement.Models.SQLStudentRepository|学生信息 错误(Error)Log
2020-10-23 10:35:22.7538|FATAL|StudentManagement.Models.SQLStudentRepository|学生信息 严重(Critical)Log
2020-10-23 10:41:40.3025|INFO|Microsoft.Hosting.Lifetime|Now listening on: http://127.0.0.1:42434
2020-10-23 10:41:40.4099|INFO|Microsoft.Hosting.Lifetime|Application started. Press Ctrl+C to shut down.
2020-10-23 10:41:40.4099|INFO|Microsoft.Hosting.Lifetime|Hosting environment: Development
2020-10-23 10:41:40.4263|INFO|Microsoft.Hosting.Lifetime|Content root path: E:\doucments\MyProject\MyWeb\WebProject\Unit1\StudentManagement\StudentManagement
2020-10-23 10:41:41.4761|INFO|StudentManagement.Models.SQLStudentRepository|学生信息 信息(Information)Log
2020-10-23 10:41:41.5030|WARN|StudentManagement.Models.SQLStudentRepository|学生信息 警告(Warning)Log
2020-10-23 10:41:41.5143|ERROR|StudentManagement.Models.SQLStudentRepository|学生信息 错误(Error)Log
2020-10-23 10:41:41.5292|FATAL|StudentManagement.Models.SQLStudentRepository|学生信息 严重(Critical)Log
2020-10-23 10:42:35.4428|INFO|Microsoft.Hosting.Lifetime|Now listening on: http://127.0.0.1:39995
2020-10-23 10:42:35.5860|INFO|Microsoft.Hosting.Lifetime|Application started. Press Ctrl+C to shut down.
2020-10-23 10:42:35.5860|INFO|Microsoft.Hosting.Lifetime|Hosting environment: Development
2020-10-23 10:42:35.5997|INFO|Microsoft.Hosting.Lifetime|Content root path: E:\doucments\MyProject\MyWeb\WebProject\Unit1\StudentManagement\StudentManagement
2020-10-23 10:42:36.3348|INFO|StudentManagement.Models.SQLStudentRepository|学生信息 信息(Information)Log
2020-10-23 10:42:36.3524|WARN|StudentManagement.Models.SQLStudentRepository|学生信息 警告(Warning)Log
2020-10-23 10:42:36.3524|ERROR|StudentManagement.Models.SQLStudentRepository|学生信息 错误(Error)Log
2020-10-23 10:42:36.3524|FATAL|StudentManagement.Models.SQLStudentRepository|学生信息 严重(Critical)Log
2020-10-23 10:42:55.2775|ERROR|Microsoft.AspNetCore.Diagnostics.DeveloperExceptionPageMiddleware|An unhandled exception has occurred while executing the request.
2020-10-23 11:31:14.1885|INFO|Microsoft.Hosting.Lifetime|Now listening on: http://127.0.0.1:13130
2020-10-23 11:31:14.2785|INFO|Microsoft.Hosting.Lifetime|Application started. Press Ctrl+C to shut down.
2020-10-23 11:31:14.2785|INFO|Microsoft.Hosting.Lifetime|Hosting environment: Development
2020-10-23 11:31:14.2862|INFO|Microsoft.Hosting.Lifetime|Content root path: E:\doucments\MyProject\MyWeb\WebProject\Unit1\StudentManagement\StudentManagement
2020-10-23 11:31:18.0519|INFO|StudentManagement.Models.SQLStudentRepository|学生信息 信息(Information)Log
2020-10-23 11:31:18.0685|WARN|StudentManagement.Models.SQLStudentRepository|学生信息 警告(Warning)Log
2020-10-23 11:31:18.0685|ERROR|StudentManagement.Models.SQLStudentRepository|学生信息 错误(Error)Log
2020-10-23 11:31:18.0685|FATAL|StudentManagement.Models.SQLStudentRepository|学生信息 严重(Critical)Log
