2020-10-22 09:17:30.7645|INFO|Microsoft.Hosting.Lifetime|Now listening on: http://localhost:5000
2020-10-22 09:17:30.8704|INFO|Microsoft.Hosting.Lifetime|Application started. Press Ctrl+C to shut down.
2020-10-22 09:17:30.8777|INFO|Microsoft.Hosting.Lifetime|Hosting environment: Staging
2020-10-22 09:17:30.8777|INFO|Microsoft.Hosting.Lifetime|Content root path: E:\doucments\MyProject\MyWeb\WebProject\Unit1\StudentManagement\StudentManagement
2020-10-22 09:17:34.0214|INFO|StudentManagement.Models.SQLStudentRepository|学生信息 信息(Information)Log
2020-10-22 09:17:34.0467|WARN|StudentManagement.Models.SQLStudentRepository|学生信息 警告(Warning)Log
2020-10-22 09:17:34.0524|ERROR|StudentManagement.Models.SQLStudentRepository|学生信息 错误(Error)Log
2020-10-22 09:17:34.0524|FATAL|StudentManagement.Models.SQLStudentRepository|学生信息 严重(Critical)Log
2020-10-22 09:18:21.7493|WARN|Microsoft.AspNetCore.Identity.UserManager|User b85d4211-a6be-4c47-9159-553a728b2fa3 password validation failed: PasswordTooShort.
2020-10-22 09:18:32.1287|INFO|StudentManagement.Models.SQLStudentRepository|学生信息 信息(Information)Log
2020-10-22 09:18:32.1287|WARN|StudentManagement.Models.SQLStudentRepository|学生信息 警告(Warning)Log
2020-10-22 09:18:32.1287|ERROR|StudentManagement.Models.SQLStudentRepository|学生信息 错误(Error)Log
2020-10-22 09:18:32.1287|FATAL|StudentManagement.Models.SQLStudentRepository|学生信息 严重(Critical)Log
2020-10-22 09:18:38.5737|INFO|StudentManagement.Models.SQLStudentRepository|学生信息 信息(Information)Log
2020-10-22 09:18:38.5737|WARN|StudentManagement.Models.SQLStudentRepository|学生信息 警告(Warning)Log
2020-10-22 09:18:38.5859|ERROR|StudentManagement.Models.SQLStudentRepository|学生信息 错误(Error)Log
2020-10-22 09:18:38.5859|FATAL|StudentManagement.Models.SQLStudentRepository|学生信息 严重(Critical)Log
2020-10-22 09:18:45.3500|INFO|StudentManagement.Models.SQLStudentRepository|学生信息 信息(Information)Log
2020-10-22 09:18:45.3500|WARN|StudentManagement.Models.SQLStudentRepository|学生信息 警告(Warning)Log
2020-10-22 09:18:45.3500|ERROR|StudentManagement.Models.SQLStudentRepository|学生信息 错误(Error)Log
2020-10-22 09:18:45.3655|FATAL|StudentManagement.Models.SQLStudentRepository|学生信息 严重(Critical)Log
2020-10-22 09:28:03.3467|INFO|Microsoft.Hosting.Lifetime|Now listening on: http://localhost:5000
2020-10-22 09:28:03.4341|INFO|Microsoft.Hosting.Lifetime|Application started. Press Ctrl+C to shut down.
2020-10-22 09:28:03.4341|INFO|Microsoft.Hosting.Lifetime|Hosting environment: Staging
2020-10-22 09:28:03.4341|INFO|Microsoft.Hosting.Lifetime|Content root path: E:\doucments\MyProject\MyWeb\WebProject\Unit1\StudentManagement\StudentManagement
2020-10-22 09:28:05.6739|INFO|StudentManagement.Models.SQLStudentRepository|学生信息 信息(Information)Log
2020-10-22 09:28:05.6900|WARN|StudentManagement.Models.SQLStudentRepository|学生信息 警告(Warning)Log
2020-10-22 09:28:05.6952|ERROR|StudentManagement.Models.SQLStudentRepository|学生信息 错误(Error)Log
2020-10-22 09:28:05.6952|FATAL|StudentManagement.Models.SQLStudentRepository|学生信息 严重(Critical)Log
2020-10-22 09:30:56.8247|INFO|Microsoft.Hosting.Lifetime|Now listening on: http://127.0.0.1:38932
2020-10-22 09:30:56.9392|INFO|Microsoft.Hosting.Lifetime|Application started. Press Ctrl+C to shut down.
2020-10-22 09:30:56.9447|INFO|Microsoft.Hosting.Lifetime|Hosting environment: Development
2020-10-22 09:30:56.9447|INFO|Microsoft.Hosting.Lifetime|Content root path: E:\doucments\MyProject\MyWeb\WebProject\Unit1\StudentManagement\StudentManagement
2020-10-22 09:30:57.5263|INFO|StudentManagement.Models.SQLStudentRepository|学生信息 信息(Information)Log
2020-10-22 09:30:57.5422|WARN|StudentManagement.Models.SQLStudentRepository|学生信息 警告(Warning)Log
2020-10-22 09:30:57.5422|ERROR|StudentManagement.Models.SQLStudentRepository|学生信息 错误(Error)Log
2020-10-22 09:30:57.5542|FATAL|StudentManagement.Models.SQLStudentRepository|学生信息 严重(Critical)Log
2020-10-22 09:32:22.1945|INFO|StudentManagement.Models.SQLStudentRepository|学生信息 信息(Information)Log
2020-10-22 09:32:22.1945|WARN|StudentManagement.Models.SQLStudentRepository|学生信息 警告(Warning)Log
2020-10-22 09:32:22.2064|ERROR|StudentManagement.Models.SQLStudentRepository|学生信息 错误(Error)Log
2020-10-22 09:32:22.2064|FATAL|StudentManagement.Models.SQLStudentRepository|学生信息 严重(Critical)Log
2020-10-22 09:32:47.1157|INFO|StudentManagement.Models.SQLStudentRepository|学生信息 信息(Information)Log
2020-10-22 09:32:47.1157|WARN|StudentManagement.Models.SQLStudentRepository|学生信息 警告(Warning)Log
2020-10-22 09:32:47.1157|ERROR|StudentManagement.Models.SQLStudentRepository|学生信息 错误(Error)Log
2020-10-22 09:32:47.1323|FATAL|StudentManagement.Models.SQLStudentRepository|学生信息 严重(Critical)Log
2020-10-22 09:33:29.8372|INFO|Microsoft.Hosting.Lifetime|Now listening on: http://127.0.0.1:36720
2020-10-22 09:33:29.9206|INFO|Microsoft.Hosting.Lifetime|Application started. Press Ctrl+C to shut down.
2020-10-22 09:33:29.9251|INFO|Microsoft.Hosting.Lifetime|Hosting environment: Development
2020-10-22 09:33:29.9251|INFO|Microsoft.Hosting.Lifetime|Content root path: E:\doucments\MyProject\MyWeb\WebProject\Unit1\StudentManagement\StudentManagement
2020-10-22 09:33:30.5080|INFO|StudentManagement.Models.SQLStudentRepository|学生信息 信息(Information)Log
2020-10-22 09:33:30.5236|WARN|StudentManagement.Models.SQLStudentRepository|学生信息 警告(Warning)Log
2020-10-22 09:33:30.5236|ERROR|StudentManagement.Models.SQLStudentRepository|学生信息 错误(Error)Log
2020-10-22 09:33:30.5236|FATAL|StudentManagement.Models.SQLStudentRepository|学生信息 严重(Critical)Log
2020-10-22 09:58:15.2489|INFO|Microsoft.Hosting.Lifetime|Now listening on: http://127.0.0.1:36673
2020-10-22 09:58:15.3485|INFO|Microsoft.Hosting.Lifetime|Application started. Press Ctrl+C to shut down.
2020-10-22 09:58:15.3485|INFO|Microsoft.Hosting.Lifetime|Hosting environment: Development
2020-10-22 09:58:15.3485|INFO|Microsoft.Hosting.Lifetime|Content root path: E:\doucments\MyProject\MyWeb\WebProject\Unit1\StudentManagement\StudentManagement
2020-10-22 09:58:15.8792|INFO|StudentManagement.Models.SQLStudentRepository|学生信息 信息(Information)Log
2020-10-22 09:58:15.8962|WARN|StudentManagement.Models.SQLStudentRepository|学生信息 警告(Warning)Log
2020-10-22 09:58:15.8962|ERROR|StudentManagement.Models.SQLStudentRepository|学生信息 错误(Error)Log
2020-10-22 09:58:15.8962|FATAL|StudentManagement.Models.SQLStudentRepository|学生信息 严重(Critical)Log
2020-10-22 10:01:47.8813|INFO|Microsoft.Hosting.Lifetime|Now listening on: http://127.0.0.1:15064
2020-10-22 10:01:47.9843|INFO|Microsoft.Hosting.Lifetime|Application started. Press Ctrl+C to shut down.
2020-10-22 10:01:47.9994|INFO|Microsoft.Hosting.Lifetime|Hosting environment: Development
2020-10-22 10:01:48.0040|INFO|Microsoft.Hosting.Lifetime|Content root path: E:\doucments\MyProject\MyWeb\WebProject\Unit1\StudentManagement\StudentManagement
2020-10-22 10:02:10.0484|INFO|StudentManagement.Models.SQLStudentRepository|学生信息 信息(Information)Log
2020-10-22 10:02:10.0657|WARN|StudentManagement.Models.SQLStudentRepository|学生信息 警告(Warning)Log
2020-10-22 10:02:10.0657|ERROR|StudentManagement.Models.SQLStudentRepository|学生信息 错误(Error)Log
2020-10-22 10:02:10.0657|FATAL|StudentManagement.Models.SQLStudentRepository|学生信息 严重(Critical)Log
2020-10-22 12:11:15.7562|INFO|Microsoft.Hosting.Lifetime|Now listening on: http://127.0.0.1:42288
2020-10-22 12:11:15.8332|INFO|Microsoft.Hosting.Lifetime|Application started. Press Ctrl+C to shut down.
2020-10-22 12:11:15.8332|INFO|Microsoft.Hosting.Lifetime|Hosting environment: Development
2020-10-22 12:11:15.8332|INFO|Microsoft.Hosting.Lifetime|Content root path: E:\doucments\MyProject\MyWeb\WebProject\Unit1\StudentManagement\StudentManagement
2020-10-22 12:11:19.5362|INFO|StudentManagement.Models.SQLStudentRepository|学生信息 信息(Information)Log
2020-10-22 12:11:19.5523|WARN|StudentManagement.Models.SQLStudentRepository|学生信息 警告(Warning)Log
2020-10-22 12:11:19.5523|ERROR|StudentManagement.Models.SQLStudentRepository|学生信息 错误(Error)Log
2020-10-22 12:11:19.5523|FATAL|StudentManagement.Models.SQLStudentRepository|学生信息 严重(Critical)Log
2020-10-22 12:11:39.6030|INFO|StudentManagement.Models.SQLStudentRepository|学生信息 信息(Information)Log
2020-10-22 12:11:39.6030|WARN|StudentManagement.Models.SQLStudentRepository|学生信息 警告(Warning)Log
2020-10-22 12:11:39.6136|ERROR|StudentManagement.Models.SQLStudentRepository|学生信息 错误(Error)Log
2020-10-22 12:11:39.6136|FATAL|StudentManagement.Models.SQLStudentRepository|学生信息 严重(Critical)Log
2020-10-22 12:21:04.8161|INFO|Microsoft.Hosting.Lifetime|Now listening on: http://127.0.0.1:26825
2020-10-22 12:21:04.8894|INFO|Microsoft.Hosting.Lifetime|Application started. Press Ctrl+C to shut down.
2020-10-22 12:21:04.8894|INFO|Microsoft.Hosting.Lifetime|Hosting environment: Development
2020-10-22 12:21:04.8981|INFO|Microsoft.Hosting.Lifetime|Content root path: E:\doucments\MyProject\MyWeb\WebProject\Unit1\StudentManagement\StudentManagement
2020-10-22 12:21:05.5539|INFO|StudentManagement.Models.SQLStudentRepository|学生信息 信息(Information)Log
2020-10-22 12:21:05.5707|WARN|StudentManagement.Models.SQLStudentRepository|学生信息 警告(Warning)Log
2020-10-22 12:21:05.5707|ERROR|StudentManagement.Models.SQLStudentRepository|学生信息 错误(Error)Log
2020-10-22 12:21:05.5810|FATAL|StudentManagement.Models.SQLStudentRepository|学生信息 严重(Critical)Log
2020-10-22 12:24:39.4469|INFO|Microsoft.Hosting.Lifetime|Now listening on: http://127.0.0.1:18071
2020-10-22 12:24:39.5664|INFO|Microsoft.Hosting.Lifetime|Application started. Press Ctrl+C to shut down.
2020-10-22 12:24:39.5664|INFO|Microsoft.Hosting.Lifetime|Hosting environment: Development
2020-10-22 12:24:39.5664|INFO|Microsoft.Hosting.Lifetime|Content root path: E:\doucments\MyProject\MyWeb\WebProject\Unit1\StudentManagement\StudentManagement
2020-10-22 12:32:23.1854|INFO|Microsoft.Hosting.Lifetime|Now listening on: http://127.0.0.1:17616
2020-10-22 12:32:23.2893|INFO|Microsoft.Hosting.Lifetime|Application started. Press Ctrl+C to shut down.
2020-10-22 12:32:23.2893|INFO|Microsoft.Hosting.Lifetime|Hosting environment: Development
2020-10-22 12:32:23.2893|INFO|Microsoft.Hosting.Lifetime|Content root path: E:\doucments\MyProject\MyWeb\WebProject\Unit1\StudentManagement\StudentManagement
2020-10-22 12:41:50.0953|INFO|Microsoft.Hosting.Lifetime|Now listening on: http://127.0.0.1:11550
2020-10-22 12:41:50.1981|INFO|Microsoft.Hosting.Lifetime|Application started. Press Ctrl+C to shut down.
2020-10-22 12:41:50.1981|INFO|Microsoft.Hosting.Lifetime|Hosting environment: Development
2020-10-22 12:41:50.2086|INFO|Microsoft.Hosting.Lifetime|Content root path: E:\doucments\MyProject\MyWeb\WebProject\Unit1\StudentManagement\StudentManagement
2020-10-22 12:42:54.3802|INFO|StudentManagement.Models.SQLStudentRepository|学生信息 信息(Information)Log
2020-10-22 12:42:54.4072|WARN|StudentManagement.Models.SQLStudentRepository|学生信息 警告(Warning)Log
2020-10-22 12:42:54.4145|ERROR|StudentManagement.Models.SQLStudentRepository|学生信息 错误(Error)Log
2020-10-22 12:42:54.4145|FATAL|StudentManagement.Models.SQLStudentRepository|学生信息 严重(Critical)Log
2020-10-22 12:43:07.1468|INFO|StudentManagement.Models.SQLStudentRepository|学生信息 信息(Information)Log
2020-10-22 12:43:07.1468|WARN|StudentManagement.Models.SQLStudentRepository|学生信息 警告(Warning)Log
2020-10-22 12:43:07.1468|ERROR|StudentManagement.Models.SQLStudentRepository|学生信息 错误(Error)Log
2020-10-22 12:43:07.1638|FATAL|StudentManagement.Models.SQLStudentRepository|学生信息 严重(Critical)Log
2020-10-22 16:40:22.2772|INFO|Microsoft.Hosting.Lifetime|Now listening on: http://127.0.0.1:36760
2020-10-22 16:40:22.3639|INFO|Microsoft.Hosting.Lifetime|Application started. Press Ctrl+C to shut down.
2020-10-22 16:40:22.3639|INFO|Microsoft.Hosting.Lifetime|Hosting environment: Development
2020-10-22 16:40:22.3639|INFO|Microsoft.Hosting.Lifetime|Content root path: E:\doucments\MyProject\MyWeb\WebProject\Unit1\StudentManagement\StudentManagement
2020-10-22 16:40:26.1332|INFO|StudentManagement.Models.SQLStudentRepository|学生信息 信息(Information)Log
2020-10-22 16:40:26.1494|WARN|StudentManagement.Models.SQLStudentRepository|学生信息 警告(Warning)Log
2020-10-22 16:40:26.1494|ERROR|StudentManagement.Models.SQLStudentRepository|学生信息 错误(Error)Log
2020-10-22 16:40:26.1494|FATAL|StudentManagement.Models.SQLStudentRepository|学生信息 严重(Critical)Log
2020-10-22 16:42:43.4192|INFO|StudentManagement.Models.SQLStudentRepository|学生信息 信息(Information)Log
2020-10-22 16:42:43.4251|WARN|StudentManagement.Models.SQLStudentRepository|学生信息 警告(Warning)Log
2020-10-22 16:42:43.4251|ERROR|StudentManagement.Models.SQLStudentRepository|学生信息 错误(Error)Log
2020-10-22 16:42:43.4251|FATAL|StudentManagement.Models.SQLStudentRepository|学生信息 严重(Critical)Log
2020-10-22 16:45:34.6774|WARN|Microsoft.AspNetCore.Identity.UserManager|Invalid password for user f5076bc9-2037-46c0-8b0d-c499c53fb429.
2020-10-22 16:45:34.6774|WARN|Microsoft.AspNetCore.Identity.SignInManager|User f5076bc9-2037-46c0-8b0d-c499c53fb429 failed to provide the correct password.
2020-10-22 16:46:11.4486|INFO|StudentManagement.Models.SQLStudentRepository|学生信息 信息(Information)Log
2020-10-22 16:46:11.4486|WARN|StudentManagement.Models.SQLStudentRepository|学生信息 警告(Warning)Log
2020-10-22 16:46:11.4595|ERROR|StudentManagement.Models.SQLStudentRepository|学生信息 错误(Error)Log
2020-10-22 16:46:11.4595|FATAL|StudentManagement.Models.SQLStudentRepository|学生信息 严重(Critical)Log
2020-10-22 16:46:34.5890|WARN|Microsoft.AspNetCore.Identity.UserManager|Invalid password for user f5076bc9-2037-46c0-8b0d-c499c53fb429.
2020-10-22 16:46:34.5983|WARN|Microsoft.AspNetCore.Identity.SignInManager|User f5076bc9-2037-46c0-8b0d-c499c53fb429 failed to provide the correct password.
2020-10-22 17:11:21.8065|INFO|Microsoft.Hosting.Lifetime|Now listening on: http://127.0.0.1:2030
2020-10-22 17:11:21.8944|INFO|Microsoft.Hosting.Lifetime|Application started. Press Ctrl+C to shut down.
2020-10-22 17:11:21.8944|INFO|Microsoft.Hosting.Lifetime|Hosting environment: Development
2020-10-22 17:11:21.8944|INFO|Microsoft.Hosting.Lifetime|Content root path: E:\doucments\MyProject\MyWeb\WebProject\Unit1\StudentManagement\StudentManagement
2020-10-22 17:11:22.7387|INFO|StudentManagement.Models.SQLStudentRepository|学生信息 信息(Information)Log
2020-10-22 17:11:22.7600|WARN|StudentManagement.Models.SQLStudentRepository|学生信息 警告(Warning)Log
2020-10-22 17:11:22.7600|ERROR|StudentManagement.Models.SQLStudentRepository|学生信息 错误(Error)Log
2020-10-22 17:11:22.7725|FATAL|StudentManagement.Models.SQLStudentRepository|学生信息 严重(Critical)Log
2020-10-22 17:20:18.1322|INFO|Microsoft.Hosting.Lifetime|Now listening on: http://127.0.0.1:16447
2020-10-22 17:20:18.2528|INFO|Microsoft.Hosting.Lifetime|Application started. Press Ctrl+C to shut down.
2020-10-22 17:20:18.2576|INFO|Microsoft.Hosting.Lifetime|Hosting environment: Development
2020-10-22 17:20:18.2576|INFO|Microsoft.Hosting.Lifetime|Content root path: E:\doucments\MyProject\MyWeb\WebProject\Unit1\StudentManagement\StudentManagement
2020-10-22 20:09:48.2657|INFO|Microsoft.Hosting.Lifetime|Now listening on: http://127.0.0.1:37622
2020-10-22 20:09:48.3556|INFO|Microsoft.Hosting.Lifetime|Application started. Press Ctrl+C to shut down.
2020-10-22 20:09:48.3556|INFO|Microsoft.Hosting.Lifetime|Hosting environment: Development
2020-10-22 20:09:48.3637|INFO|Microsoft.Hosting.Lifetime|Content root path: E:\doucments\MyProject\MyWeb\WebProject\Unit1\StudentManagement\StudentManagement
2020-10-22 20:12:41.1496|INFO|Microsoft.Hosting.Lifetime|Now listening on: http://127.0.0.1:22614
2020-10-22 20:12:41.2513|INFO|Microsoft.Hosting.Lifetime|Application started. Press Ctrl+C to shut down.
2020-10-22 20:12:41.2561|INFO|Microsoft.Hosting.Lifetime|Hosting environment: Development
2020-10-22 20:12:41.2561|INFO|Microsoft.Hosting.Lifetime|Content root path: E:\doucments\MyProject\MyWeb\WebProject\Unit1\StudentManagement\StudentManagement
2020-10-22 21:37:12.1655|INFO|Microsoft.Hosting.Lifetime|Now listening on: http://127.0.0.1:7003
2020-10-22 21:37:12.2571|INFO|Microsoft.Hosting.Lifetime|Application started. Press Ctrl+C to shut down.
2020-10-22 21:37:12.2571|INFO|Microsoft.Hosting.Lifetime|Hosting environment: Development
2020-10-22 21:37:12.2571|INFO|Microsoft.Hosting.Lifetime|Content root path: E:\doucments\MyProject\MyWeb\WebProject\Unit1\StudentManagement\StudentManagement
2020-10-22 21:38:13.4258|INFO|StudentManagement.Models.SQLStudentRepository|学生信息 信息(Information)Log
2020-10-22 21:38:13.4441|WARN|StudentManagement.Models.SQLStudentRepository|学生信息 警告(Warning)Log
2020-10-22 21:38:13.4441|ERROR|StudentManagement.Models.SQLStudentRepository|学生信息 错误(Error)Log
2020-10-22 21:38:13.4441|FATAL|StudentManagement.Models.SQLStudentRepository|学生信息 严重(Critical)Log
2020-10-22 21:38:28.0858|WARN|Microsoft.AspNetCore.Identity.RoleManager|Role da870df4-1b20-4626-b444-fcf55d4e8ea5 validation failed: DuplicateRoleName.
2020-10-22 21:57:48.1027|INFO|Microsoft.Hosting.Lifetime|Now listening on: http://127.0.0.1:29239
2020-10-22 21:57:48.2848|INFO|Microsoft.Hosting.Lifetime|Application started. Press Ctrl+C to shut down.
2020-10-22 21:57:48.2848|INFO|Microsoft.Hosting.Lifetime|Hosting environment: Development
2020-10-22 21:57:48.2848|INFO|Microsoft.Hosting.Lifetime|Content root path: E:\doucments\MyProject\MyWeb\WebProject\Unit1\StudentManagement\StudentManagement
2020-10-22 21:58:30.0352|INFO|Microsoft.Hosting.Lifetime|Now listening on: http://127.0.0.1:37204
2020-10-22 21:58:30.1787|INFO|Microsoft.Hosting.Lifetime|Application started. Press Ctrl+C to shut down.
2020-10-22 21:58:30.1967|INFO|Microsoft.Hosting.Lifetime|Hosting environment: Development
2020-10-22 21:58:30.1967|INFO|Microsoft.Hosting.Lifetime|Content root path: E:\doucments\MyProject\MyWeb\WebProject\Unit1\StudentManagement\StudentManagement
2020-10-22 21:58:30.7941|INFO|StudentManagement.Models.SQLStudentRepository|学生信息 信息(Information)Log
2020-10-22 21:58:30.8092|WARN|StudentManagement.Models.SQLStudentRepository|学生信息 警告(Warning)Log
2020-10-22 21:58:30.8092|ERROR|StudentManagement.Models.SQLStudentRepository|学生信息 错误(Error)Log
2020-10-22 21:58:30.8187|FATAL|StudentManagement.Models.SQLStudentRepository|学生信息 严重(Critical)Log
2020-10-22 22:02:20.1484|INFO|Microsoft.Hosting.Lifetime|Now listening on: http://127.0.0.1:41131
2020-10-22 22:02:20.2739|INFO|Microsoft.Hosting.Lifetime|Application started. Press Ctrl+C to shut down.
2020-10-22 22:02:20.2739|INFO|Microsoft.Hosting.Lifetime|Hosting environment: Development
2020-10-22 22:02:20.2881|INFO|Microsoft.Hosting.Lifetime|Content root path: E:\doucments\MyProject\MyWeb\WebProject\Unit1\StudentManagement\StudentManagement
2020-10-22 22:02:20.9258|INFO|StudentManagement.Models.SQLStudentRepository|学生信息 信息(Information)Log
2020-10-22 22:02:20.9411|WARN|StudentManagement.Models.SQLStudentRepository|学生信息 警告(Warning)Log
2020-10-22 22:02:20.9411|ERROR|StudentManagement.Models.SQLStudentRepository|学生信息 错误(Error)Log
2020-10-22 22:02:20.9411|FATAL|StudentManagement.Models.SQLStudentRepository|学生信息 严重(Critical)Log
2020-10-22 22:03:52.2911|INFO|StudentManagement.Models.SQLStudentRepository|学生信息 信息(Information)Log
2020-10-22 22:03:52.2911|WARN|StudentManagement.Models.SQLStudentRepository|学生信息 警告(Warning)Log
2020-10-22 22:03:52.2911|ERROR|StudentManagement.Models.SQLStudentRepository|学生信息 错误(Error)Log
2020-10-22 22:03:52.3035|FATAL|StudentManagement.Models.SQLStudentRepository|学生信息 严重(Critical)Log
